<?xml version="1.0" encoding="UTF-8"?>
<!-- Generated by org.testng.reporters.JUnitReportReporter -->
<testsuite hostname="soni" name="com.eqtechnologic.framework.TestSuite" tests="1" failures="0" timestamp="19 Jan 2017 09:22:16 GMT" time="74.363" errors="0">
  <testcase name="suiteExecution" time="74.363" classname="com.eqtechnologic.framework.TestSuite"/>
</testsuite> <!-- com.eqtechnologic.framework.TestSuite -->
