<?xml version="1.0" encoding="UTF-8"?>
<!-- Generated by org.testng.reporters.JUnitReportReporter -->
<testsuite hostname="soni" name="com.eqtechnologic.framework.TestSuite" tests="1" failures="0" timestamp="25 Dec 2017 14:06:03 GMT" time="24.788" errors="0">
  <testcase name="suiteExecution" time="24.788" classname="com.eqtechnologic.framework.TestSuite"/>
</testsuite> <!-- com.eqtechnologic.framework.TestSuite -->
